<?xml version="1.0" encoding="UTF-8"?>
<!-- Generated by org.testng.reporters.JUnitReportReporter -->
<testsuite skipped="0" hostname="PDCDT01GY4ZVQ1" name="com.amazon.testspage.LoginTest" tests="1" failures="0" timestamp="2020-01-18T08:34:24 GMT" time="41.057" errors="0">
  <testcase name="ScenarioOne" time="41.057" classname="com.amazon.testspage.LoginTest"/>
</testsuite> <!-- com.amazon.testspage.LoginTest -->
